Performing C SOURCE FILE Test CMAKE_HAVE_LIBC_PTHREAD failed with the following output:
Change Dir: /home/maximilian/Geant4/Simulations/B1/build/CMakeFiles/CMakeTmp

Run Build Command(s):/usr/bin/gmake -f Makefile cmTC_841b2/fast && /usr/bin/gmake  -f CMakeFiles/cmTC_841b2.dir/build.make CMakeFiles/cmTC_841b2.dir/build
gmake[1]: Entering directory '/home/maximilian/Geant4/Simulations/B1/build/CMakeFiles/CMakeTmp'
Building C object CMakeFiles/cmTC_841b2.dir/src.c.o
/usr/bin/cc -DCMAKE_HAVE_LIBC_PTHREAD   -o CMakeFiles/cmTC_841b2.dir/src.c.o -c /home/maximilian/Geant4/Simulations/B1/build/CMakeFiles/CMakeTmp/src.c
Linking C executable cmTC_841b2
/opt/cmake-3.20.3-linux-aarch64/bin/cmake -E cmake_link_script CMakeFiles/cmTC_841b2.dir/link.txt --verbose=1
/usr/bin/cc CMakeFiles/cmTC_841b2.dir/src.c.o -o cmTC_841b2 
/usr/bin/ld: CMakeFiles/cmTC_841b2.dir/src.c.o: in function `main':
src.c:(.text+0x48): undefined reference to `pthread_create'
/usr/bin/ld: src.c:(.text+0x50): undefined reference to `pthread_detach'
/usr/bin/ld: src.c:(.text+0x58): undefined reference to `pthread_cancel'
/usr/bin/ld: src.c:(.text+0x64): undefined reference to `pthread_join'
collect2: error: ld returned 1 exit status
gmake[1]: *** [CMakeFiles/cmTC_841b2.dir/build.make:99: cmTC_841b2] Error 1
gmake[1]: Leaving directory '/home/maximilian/Geant4/Simulations/B1/build/CMakeFiles/CMakeTmp'
gmake: *** [Makefile:127: cmTC_841b2/fast] Error 2


Source file was:
#include <pthread.h>

static void* test_func(void* data)
{
  return data;
}

int main(void)
{
  pthread_t thread;
  pthread_create(&thread, NULL, test_func, NULL);
  pthread_detach(thread);
  pthread_cancel(thread);
  pthread_join(thread, NULL);
  pthread_atfork(NULL, NULL, NULL);
  pthread_exit(NULL);

  return 0;
}

